build/app/intermediates/manifest_merge_blame_file/release/manifest-merger-blame-release-report.txt
1<?xml version="1.0" encoding="utf-8"?>
2<manifest xmlns:android="http://schemas.android.com/apk/res/android"
3    package="com.example.firstapp"
4    android:versionCode="1"
5    android:versionName="1.0.0" >
6
7    <uses-sdk
8        android:minSdkVersion="20"
8-->src\main\AndroidManifest.xml
9        android:targetSdkVersion="33" />
9-->src\main\AndroidManifest.xml
10    <!-- geo Locator permissions -->
11    <uses-permission android:name="android.permission.ACCESS_FINE_LOCATION" />
11-->src\main\AndroidManifest.xml:4:5-79
11-->src\main\AndroidManifest.xml:4:22-76
12    <uses-permission android:name="android.permission.ACCESS_COARSE_LOCATION" />
12-->src\main\AndroidManifest.xml:5:1-77
12-->src\main\AndroidManifest.xml:5:18-74
13    <uses-permission android:name="android.permission.ACCESS_BACKGROUND_LOCATION" />
13-->src\main\AndroidManifest.xml:6:1-81
13-->src\main\AndroidManifest.xml:6:18-78
14    <uses-permission android:name="android.permission.FOREGROUND_SERVICE" />
14-->[:geolocator_android] AndroidManifest.xml:9:5-77
14-->[:geolocator_android] AndroidManifest.xml:9:22-74
15
16    <queries>
16-->[:flutter_inappwebview] AndroidManifest.xml:9:5-13:15
17        <intent>
17-->[:flutter_inappwebview] AndroidManifest.xml:10:9-12:18
18            <action android:name="android.support.customtabs.action.CustomTabsService" />
18-->[:flutter_inappwebview] AndroidManifest.xml:11:13-90
18-->[:flutter_inappwebview] AndroidManifest.xml:11:21-87
19        </intent>
20    </queries>
21
22    <uses-permission android:name="android.permission.INTERNET" />
22-->[com.google.firebase:firebase-auth:22.0.0] AndroidManifest.xml:25:5-67
22-->[com.google.firebase:firebase-auth:22.0.0] AndroidManifest.xml:25:22-64
23    <uses-permission android:name="android.permission.ACCESS_NETWORK_STATE" />
23-->[com.google.firebase:firebase-auth:22.0.0] AndroidManifest.xml:26:5-79
23-->[com.google.firebase:firebase-auth:22.0.0] AndroidManifest.xml:26:22-76
24
25    <permission
25-->[androidx.core:core:1.9.0] AndroidManifest.xml:22:5-24:47
26        android:name="com.example.firstapp.DYNAMIC_RECEIVER_NOT_EXPORTED_PERMISSION"
26-->[androidx.core:core:1.9.0] AndroidManifest.xml:23:9-81
27        android:protectionLevel="signature" />
27-->[androidx.core:core:1.9.0] AndroidManifest.xml:24:9-44
28
29    <uses-permission android:name="com.example.firstapp.DYNAMIC_RECEIVER_NOT_EXPORTED_PERMISSION" />
29-->[androidx.core:core:1.9.0] AndroidManifest.xml:26:5-97
29-->[androidx.core:core:1.9.0] AndroidManifest.xml:26:22-94
30
31    <application
32        android:name="android.app.Application"
32-->src\main\AndroidManifest.xml:9:9-42
33        android:appComponentFactory="androidx.core.app.CoreComponentFactory"
33-->[androidx.core:core:1.9.0] AndroidManifest.xml:28:18-86
34        android:icon="@mipmap/ic_launcher"
34-->src\main\AndroidManifest.xml:10:9-43
35        android:label="Quick ResQ" >
35-->src\main\AndroidManifest.xml:8:9-35
36        <activity
36-->src\main\AndroidManifest.xml:11:9-31:20
37            android:name="com.example.firstapp.MainActivity"
37-->src\main\AndroidManifest.xml:12:13-41
38            android:configChanges="orientation|keyboardHidden|keyboard|screenSize|smallestScreenSize|locale|layoutDirection|fontScale|screenLayout|density|uiMode"
38-->src\main\AndroidManifest.xml:16:13-163
39            android:exported="true"
39-->src\main\AndroidManifest.xml:13:13-36
40            android:hardwareAccelerated="true"
40-->src\main\AndroidManifest.xml:17:13-47
41            android:launchMode="singleTop"
41-->src\main\AndroidManifest.xml:14:13-43
42            android:theme="@style/LaunchTheme"
42-->src\main\AndroidManifest.xml:15:13-47
43            android:windowSoftInputMode="adjustResize" >
43-->src\main\AndroidManifest.xml:18:13-55
44
45            <!--
46                 Specifies an Android theme to apply to this Activity as soon as
47                 the Android process has started. This theme is visible to the user
48                 while the Flutter UI initializes. After that, this theme continues
49                 to determine the Window background behind the Flutter UI.
50            -->
51            <meta-data
51-->src\main\AndroidManifest.xml:23:13-26:17
52                android:name="io.flutter.embedding.android.NormalTheme"
52-->src\main\AndroidManifest.xml:24:15-70
53                android:resource="@style/NormalTheme" />
53-->src\main\AndroidManifest.xml:25:15-52
54
55            <intent-filter>
55-->src\main\AndroidManifest.xml:27:13-30:29
56                <action android:name="android.intent.action.MAIN" />
56-->src\main\AndroidManifest.xml:28:17-68
56-->src\main\AndroidManifest.xml:28:25-66
57
58                <category android:name="android.intent.category.LAUNCHER" />
58-->src\main\AndroidManifest.xml:29:17-76
58-->src\main\AndroidManifest.xml:29:27-74
59            </intent-filter>
60        </activity>
61        <!--
62             Don't delete the meta-data below.
63             This is used by the Flutter tool to generate GeneratedPluginRegistrant.java
64        -->
65        <meta-data
65-->src\main\AndroidManifest.xml:34:9-36:33
66            android:name="flutterEmbedding"
66-->src\main\AndroidManifest.xml:35:13-44
67            android:value="2" />
67-->src\main\AndroidManifest.xml:36:13-30
68
69        <service
69-->[:firebase_auth] AndroidManifest.xml:10:9-14:19
70            android:name="com.google.firebase.components.ComponentDiscoveryService"
70-->[:firebase_auth] AndroidManifest.xml:10:18-89
71            android:directBootAware="true"
71-->[com.google.firebase:firebase-common:20.3.2] AndroidManifest.xml:34:13-43
72            android:exported="false" >
72-->[com.google.firebase:firebase-auth:22.0.0] AndroidManifest.xml:68:13-37
73            <meta-data
73-->[:firebase_auth] AndroidManifest.xml:11:13-13:85
74                android:name="com.google.firebase.components:io.flutter.plugins.firebase.auth.FlutterFirebaseAuthRegistrar"
74-->[:firebase_auth] AndroidManifest.xml:12:17-124
75                android:value="com.google.firebase.components.ComponentRegistrar" />
75-->[:firebase_auth] AndroidManifest.xml:13:17-82
76            <meta-data
76-->[:firebase_storage] AndroidManifest.xml:11:13-13:85
77                android:name="com.google.firebase.components:io.flutter.plugins.firebase.storage.FlutterFirebaseAppRegistrar"
77-->[:firebase_storage] AndroidManifest.xml:12:17-126
78                android:value="com.google.firebase.components.ComponentRegistrar" />
78-->[:firebase_storage] AndroidManifest.xml:13:17-82
79            <meta-data
79-->[:cloud_firestore] AndroidManifest.xml:11:13-13:85
80                android:name="com.google.firebase.components:io.flutter.plugins.firebase.firestore.FlutterFirebaseFirestoreRegistrar"
80-->[:cloud_firestore] AndroidManifest.xml:12:17-134
81                android:value="com.google.firebase.components.ComponentRegistrar" />
81-->[:cloud_firestore] AndroidManifest.xml:13:17-82
82            <meta-data
82-->[:firebase_core] AndroidManifest.xml:11:13-13:85
83                android:name="com.google.firebase.components:io.flutter.plugins.firebase.core.FlutterFirebaseCoreRegistrar"
83-->[:firebase_core] AndroidManifest.xml:12:17-124
84                android:value="com.google.firebase.components.ComponentRegistrar" />
84-->[:firebase_core] AndroidManifest.xml:13:17-82
85            <meta-data
85-->[com.google.firebase:firebase-auth:22.0.0] AndroidManifest.xml:69:13-71:85
86                android:name="com.google.firebase.components:com.google.firebase.auth.FirebaseAuthRegistrar"
86-->[com.google.firebase:firebase-auth:22.0.0] AndroidManifest.xml:70:17-109
87                android:value="com.google.firebase.components.ComponentRegistrar" />
87-->[com.google.firebase:firebase-auth:22.0.0] AndroidManifest.xml:71:17-82
88            <meta-data
88-->[com.google.firebase:firebase-firestore:24.6.0] AndroidManifest.xml:19:13-21:85
89                android:name="com.google.firebase.components:com.google.firebase.firestore.FirestoreRegistrar"
89-->[com.google.firebase:firebase-firestore:24.6.0] AndroidManifest.xml:20:17-111
90                android:value="com.google.firebase.components.ComponentRegistrar" />
90-->[com.google.firebase:firebase-firestore:24.6.0] AndroidManifest.xml:21:17-82
91            <meta-data
91-->[com.google.firebase:firebase-storage:20.2.0] AndroidManifest.xml:32:13-34:85
92                android:name="com.google.firebase.components:com.google.firebase.storage.StorageRegistrar"
92-->[com.google.firebase:firebase-storage:20.2.0] AndroidManifest.xml:33:17-107
93                android:value="com.google.firebase.components.ComponentRegistrar" />
93-->[com.google.firebase:firebase-storage:20.2.0] AndroidManifest.xml:34:17-82
94        </service>
95        <service
95-->[:geolocator_android] AndroidManifest.xml:12:9-16:56
96            android:name="com.baseflow.geolocator.GeolocatorLocationService"
96-->[:geolocator_android] AndroidManifest.xml:13:13-77
97            android:enabled="true"
97-->[:geolocator_android] AndroidManifest.xml:14:13-35
98            android:exported="false"
98-->[:geolocator_android] AndroidManifest.xml:15:13-37
99            android:foregroundServiceType="location" />
99-->[:geolocator_android] AndroidManifest.xml:16:13-53
100
101        <activity
101-->[:flutter_inappwebview] AndroidManifest.xml:16:9-20:47
102            android:name="com.pichillilorenzo.flutter_inappwebview.in_app_browser.InAppBrowserActivity"
102-->[:flutter_inappwebview] AndroidManifest.xml:17:13-104
103            android:configChanges="orientation|keyboardHidden|keyboard|screenSize|locale|layoutDirection|fontScale|screenLayout|density"
103-->[:flutter_inappwebview] AndroidManifest.xml:18:13-137
104            android:exported="false"
104-->[:flutter_inappwebview] AndroidManifest.xml:19:13-37
105            android:theme="@style/AppTheme" />
105-->[:flutter_inappwebview] AndroidManifest.xml:20:13-44
106        <activity
106-->[:flutter_inappwebview] AndroidManifest.xml:21:9-24:55
107            android:name="com.pichillilorenzo.flutter_inappwebview.chrome_custom_tabs.ChromeCustomTabsActivity"
107-->[:flutter_inappwebview] AndroidManifest.xml:22:13-112
108            android:exported="false"
108-->[:flutter_inappwebview] AndroidManifest.xml:23:13-37
109            android:theme="@style/ThemeTransparent" />
109-->[:flutter_inappwebview] AndroidManifest.xml:24:13-52
110        <activity
110-->[:flutter_inappwebview] AndroidManifest.xml:25:9-28:55
111            android:name="com.pichillilorenzo.flutter_inappwebview.chrome_custom_tabs.TrustedWebActivity"
111-->[:flutter_inappwebview] AndroidManifest.xml:26:13-106
112            android:exported="false"
112-->[:flutter_inappwebview] AndroidManifest.xml:27:13-37
113            android:theme="@style/ThemeTransparent" />
113-->[:flutter_inappwebview] AndroidManifest.xml:28:13-52
114        <activity
114-->[:flutter_inappwebview] AndroidManifest.xml:29:9-33:55
115            android:name="com.pichillilorenzo.flutter_inappwebview.chrome_custom_tabs.ChromeCustomTabsActivitySingleInstance"
115-->[:flutter_inappwebview] AndroidManifest.xml:30:13-126
116            android:exported="false"
116-->[:flutter_inappwebview] AndroidManifest.xml:31:13-37
117            android:launchMode="singleInstance"
117-->[:flutter_inappwebview] AndroidManifest.xml:32:13-48
118            android:theme="@style/ThemeTransparent" />
118-->[:flutter_inappwebview] AndroidManifest.xml:33:13-52
119        <activity
119-->[:flutter_inappwebview] AndroidManifest.xml:34:9-38:55
120            android:name="com.pichillilorenzo.flutter_inappwebview.chrome_custom_tabs.TrustedWebActivitySingleInstance"
120-->[:flutter_inappwebview] AndroidManifest.xml:35:13-120
121            android:exported="false"
121-->[:flutter_inappwebview] AndroidManifest.xml:36:13-37
122            android:launchMode="singleInstance"
122-->[:flutter_inappwebview] AndroidManifest.xml:37:13-48
123            android:theme="@style/ThemeTransparent" />
123-->[:flutter_inappwebview] AndroidManifest.xml:38:13-52
124
125        <receiver
125-->[:flutter_inappwebview] AndroidManifest.xml:40:9-43:40
126            android:name="com.pichillilorenzo.flutter_inappwebview.chrome_custom_tabs.ActionBroadcastReceiver"
126-->[:flutter_inappwebview] AndroidManifest.xml:41:13-111
127            android:enabled="true"
127-->[:flutter_inappwebview] AndroidManifest.xml:42:13-35
128            android:exported="false" />
128-->[:flutter_inappwebview] AndroidManifest.xml:43:13-37
129
130        <meta-data
130-->[:flutter_inappwebview] AndroidManifest.xml:45:9-47:36
131            android:name="io.flutter.embedded_views_preview"
131-->[:flutter_inappwebview] AndroidManifest.xml:46:13-61
132            android:value="true" />
132-->[:flutter_inappwebview] AndroidManifest.xml:47:13-33
133
134        <provider
134-->[:image_picker_android] AndroidManifest.xml:10:9-18:20
135            android:name="io.flutter.plugins.imagepicker.ImagePickerFileProvider"
135-->[:image_picker_android] AndroidManifest.xml:11:13-82
136            android:authorities="com.example.firstapp.flutter.image_provider"
136-->[:image_picker_android] AndroidManifest.xml:12:13-74
137            android:exported="false"
137-->[:image_picker_android] AndroidManifest.xml:13:13-37
138            android:grantUriPermissions="true" >
138-->[:image_picker_android] AndroidManifest.xml:14:13-47
139            <meta-data
139-->[:image_picker_android] AndroidManifest.xml:15:13-17:75
140                android:name="android.support.FILE_PROVIDER_PATHS"
140-->[:image_picker_android] AndroidManifest.xml:16:17-67
141                android:resource="@xml/flutter_image_picker_file_paths" />
141-->[:image_picker_android] AndroidManifest.xml:17:17-72
142        </provider>
143
144        <activity
144-->[:url_launcher_android] AndroidManifest.xml:10:9-13:74
145            android:name="io.flutter.plugins.urllauncher.WebViewActivity"
145-->[:url_launcher_android] AndroidManifest.xml:11:13-74
146            android:exported="false"
146-->[:url_launcher_android] AndroidManifest.xml:12:13-37
147            android:theme="@android:style/Theme.NoTitleBar.Fullscreen" />
147-->[:url_launcher_android] AndroidManifest.xml:13:13-71
148        <activity
148-->[com.google.android.gms:play-services-auth:19.2.0] AndroidManifest.xml:23:9-27:75
149            android:name="com.google.android.gms.auth.api.signin.internal.SignInHubActivity"
149-->[com.google.android.gms:play-services-auth:19.2.0] AndroidManifest.xml:24:13-93
150            android:excludeFromRecents="true"
150-->[com.google.android.gms:play-services-auth:19.2.0] AndroidManifest.xml:25:13-46
151            android:exported="false"
151-->[com.google.android.gms:play-services-auth:19.2.0] AndroidManifest.xml:26:13-37
152            android:theme="@android:style/Theme.Translucent.NoTitleBar" />
152-->[com.google.android.gms:play-services-auth:19.2.0] AndroidManifest.xml:27:13-72
153        <!--
154            Service handling Google Sign-In user revocation. For apps that do not integrate with
155            Google Sign-In, this service will never be started.
156        -->
157        <service
157-->[com.google.android.gms:play-services-auth:19.2.0] AndroidManifest.xml:33:9-37:51
158            android:name="com.google.android.gms.auth.api.signin.RevocationBoundService"
158-->[com.google.android.gms:play-services-auth:19.2.0] AndroidManifest.xml:34:13-89
159            android:exported="true"
159-->[com.google.android.gms:play-services-auth:19.2.0] AndroidManifest.xml:35:13-36
160            android:permission="com.google.android.gms.auth.api.signin.permission.REVOCATION_NOTIFICATION"
160-->[com.google.android.gms:play-services-auth:19.2.0] AndroidManifest.xml:36:13-107
161            android:visibleToInstantApps="true" />
161-->[com.google.android.gms:play-services-auth:19.2.0] AndroidManifest.xml:37:13-48
162
163        <activity
163-->[com.google.firebase:firebase-auth:22.0.0] AndroidManifest.xml:29:9-46:20
164            android:name="com.google.firebase.auth.internal.GenericIdpActivity"
164-->[com.google.firebase:firebase-auth:22.0.0] AndroidManifest.xml:30:13-80
165            android:excludeFromRecents="true"
165-->[com.google.firebase:firebase-auth:22.0.0] AndroidManifest.xml:31:13-46
166            android:exported="true"
166-->[com.google.firebase:firebase-auth:22.0.0] AndroidManifest.xml:32:13-36
167            android:launchMode="singleTask"
167-->[com.google.firebase:firebase-auth:22.0.0] AndroidManifest.xml:33:13-44
168            android:theme="@android:style/Theme.Translucent.NoTitleBar" >
168-->[com.google.firebase:firebase-auth:22.0.0] AndroidManifest.xml:34:13-72
169            <intent-filter>
169-->[com.google.firebase:firebase-auth:22.0.0] AndroidManifest.xml:35:13-45:29
170                <action android:name="android.intent.action.VIEW" />
170-->[com.google.firebase:firebase-auth:22.0.0] AndroidManifest.xml:36:17-69
170-->[com.google.firebase:firebase-auth:22.0.0] AndroidManifest.xml:36:25-66
171
172                <category android:name="android.intent.category.DEFAULT" />
172-->[com.google.firebase:firebase-auth:22.0.0] AndroidManifest.xml:38:17-76
172-->[com.google.firebase:firebase-auth:22.0.0] AndroidManifest.xml:38:27-73
173                <category android:name="android.intent.category.BROWSABLE" />
173-->[com.google.firebase:firebase-auth:22.0.0] AndroidManifest.xml:39:17-78
173-->[com.google.firebase:firebase-auth:22.0.0] AndroidManifest.xml:39:27-75
174
175                <data
175-->[com.google.firebase:firebase-auth:22.0.0] AndroidManifest.xml:41:17-44:51
176                    android:host="firebase.auth"
176-->[com.google.firebase:firebase-auth:22.0.0] AndroidManifest.xml:42:21-49
177                    android:path="/"
177-->[com.google.firebase:firebase-auth:22.0.0] AndroidManifest.xml:43:21-37
178                    android:scheme="genericidp" />
178-->[com.google.firebase:firebase-auth:22.0.0] AndroidManifest.xml:44:21-48
179            </intent-filter>
180        </activity>
181        <activity
181-->[com.google.firebase:firebase-auth:22.0.0] AndroidManifest.xml:47:9-64:20
182            android:name="com.google.firebase.auth.internal.RecaptchaActivity"
182-->[com.google.firebase:firebase-auth:22.0.0] AndroidManifest.xml:48:13-79
183            android:excludeFromRecents="true"
183-->[com.google.firebase:firebase-auth:22.0.0] AndroidManifest.xml:49:13-46
184            android:exported="true"
184-->[com.google.firebase:firebase-auth:22.0.0] AndroidManifest.xml:50:13-36
185            android:launchMode="singleTask"
185-->[com.google.firebase:firebase-auth:22.0.0] AndroidManifest.xml:51:13-44
186            android:theme="@android:style/Theme.Translucent.NoTitleBar" >
186-->[com.google.firebase:firebase-auth:22.0.0] AndroidManifest.xml:52:13-72
187            <intent-filter>
187-->[com.google.firebase:firebase-auth:22.0.0] AndroidManifest.xml:53:13-63:29
188                <action android:name="android.intent.action.VIEW" />
188-->[com.google.firebase:firebase-auth:22.0.0] AndroidManifest.xml:36:17-69
188-->[com.google.firebase:firebase-auth:22.0.0] AndroidManifest.xml:36:25-66
189
190                <category android:name="android.intent.category.DEFAULT" />
190-->[com.google.firebase:firebase-auth:22.0.0] AndroidManifest.xml:38:17-76
190-->[com.google.firebase:firebase-auth:22.0.0] AndroidManifest.xml:38:27-73
191                <category android:name="android.intent.category.BROWSABLE" />
191-->[com.google.firebase:firebase-auth:22.0.0] AndroidManifest.xml:39:17-78
191-->[com.google.firebase:firebase-auth:22.0.0] AndroidManifest.xml:39:27-75
192
193                <data
193-->[com.google.firebase:firebase-auth:22.0.0] AndroidManifest.xml:41:17-44:51
194                    android:host="firebase.auth"
194-->[com.google.firebase:firebase-auth:22.0.0] AndroidManifest.xml:42:21-49
195                    android:path="/"
195-->[com.google.firebase:firebase-auth:22.0.0] AndroidManifest.xml:43:21-37
196                    android:scheme="recaptcha" />
196-->[com.google.firebase:firebase-auth:22.0.0] AndroidManifest.xml:44:21-48
197            </intent-filter>
198        </activity>
199        <activity
199-->[com.google.android.gms:play-services-base:18.1.0] AndroidManifest.xml:20:9-22:45
200            android:name="com.google.android.gms.common.api.GoogleApiActivity"
200-->[com.google.android.gms:play-services-base:18.1.0] AndroidManifest.xml:20:19-85
201            android:exported="false"
201-->[com.google.android.gms:play-services-base:18.1.0] AndroidManifest.xml:22:19-43
202            android:theme="@android:style/Theme.Translucent.NoTitleBar" />
202-->[com.google.android.gms:play-services-base:18.1.0] AndroidManifest.xml:21:19-78
203
204        <provider
204-->[com.google.firebase:firebase-common:20.3.2] AndroidManifest.xml:25:9-30:39
205            android:name="com.google.firebase.provider.FirebaseInitProvider"
205-->[com.google.firebase:firebase-common:20.3.2] AndroidManifest.xml:26:13-77
206            android:authorities="com.example.firstapp.firebaseinitprovider"
206-->[com.google.firebase:firebase-common:20.3.2] AndroidManifest.xml:27:13-72
207            android:directBootAware="true"
207-->[com.google.firebase:firebase-common:20.3.2] AndroidManifest.xml:28:13-43
208            android:exported="false"
208-->[com.google.firebase:firebase-common:20.3.2] AndroidManifest.xml:29:13-37
209            android:initOrder="100" />
209-->[com.google.firebase:firebase-common:20.3.2] AndroidManifest.xml:30:13-36
210
211        <meta-data
211-->[com.google.android.gms:play-services-basement:18.1.0] AndroidManifest.xml:21:9-23:69
212            android:name="com.google.android.gms.version"
212-->[com.google.android.gms:play-services-basement:18.1.0] AndroidManifest.xml:22:13-58
213            android:value="@integer/google_play_services_version" />
213-->[com.google.android.gms:play-services-basement:18.1.0] AndroidManifest.xml:23:13-66
214
215        <provider
215-->[androidx.emoji2:emoji2:1.2.0] AndroidManifest.xml:24:9-32:20
216            android:name="androidx.startup.InitializationProvider"
216-->[androidx.emoji2:emoji2:1.2.0] AndroidManifest.xml:25:13-67
217            android:authorities="com.example.firstapp.androidx-startup"
217-->[androidx.emoji2:emoji2:1.2.0] AndroidManifest.xml:26:13-68
218            android:exported="false" >
218-->[androidx.emoji2:emoji2:1.2.0] AndroidManifest.xml:27:13-37
219            <meta-data
219-->[androidx.emoji2:emoji2:1.2.0] AndroidManifest.xml:29:13-31:52
220                android:name="androidx.emoji2.text.EmojiCompatInitializer"
220-->[androidx.emoji2:emoji2:1.2.0] AndroidManifest.xml:30:17-75
221                android:value="androidx.startup" />
221-->[androidx.emoji2:emoji2:1.2.0] AndroidManifest.xml:31:17-49
222            <meta-data
222-->[androidx.lifecycle:lifecycle-process:2.6.1] AndroidManifest.xml:29:13-31:52
223                android:name="androidx.lifecycle.ProcessLifecycleInitializer"
223-->[androidx.lifecycle:lifecycle-process:2.6.1] AndroidManifest.xml:30:17-78
224                android:value="androidx.startup" />
224-->[androidx.lifecycle:lifecycle-process:2.6.1] AndroidManifest.xml:31:17-49
225            <meta-data
225-->[androidx.profileinstaller:profileinstaller:1.3.0] AndroidManifest.xml:29:13-31:52
226                android:name="androidx.profileinstaller.ProfileInstallerInitializer"
226-->[androidx.profileinstaller:profileinstaller:1.3.0] AndroidManifest.xml:30:17-85
227                android:value="androidx.startup" />
227-->[androidx.profileinstaller:profileinstaller:1.3.0] AndroidManifest.xml:31:17-49
228        </provider>
229
230        <uses-library
230-->[androidx.window:window:1.0.0-beta04] AndroidManifest.xml:25:9-27:40
231            android:name="androidx.window.extensions"
231-->[androidx.window:window:1.0.0-beta04] AndroidManifest.xml:26:13-54
232            android:required="false" />
232-->[androidx.window:window:1.0.0-beta04] AndroidManifest.xml:27:13-37
233        <uses-library
233-->[androidx.window:window:1.0.0-beta04] AndroidManifest.xml:28:9-30:40
234            android:name="androidx.window.sidecar"
234-->[androidx.window:window:1.0.0-beta04] AndroidManifest.xml:29:13-51
235            android:required="false" />
235-->[androidx.window:window:1.0.0-beta04] AndroidManifest.xml:30:13-37
236
237        <receiver
237-->[androidx.profileinstaller:profileinstaller:1.3.0] AndroidManifest.xml:34:9-52:20
238            android:name="androidx.profileinstaller.ProfileInstallReceiver"
238-->[androidx.profileinstaller:profileinstaller:1.3.0] AndroidManifest.xml:35:13-76
239            android:directBootAware="false"
239-->[androidx.profileinstaller:profileinstaller:1.3.0] AndroidManifest.xml:36:13-44
240            android:enabled="true"
240-->[androidx.profileinstaller:profileinstaller:1.3.0] AndroidManifest.xml:37:13-35
241            android:exported="true"
241-->[androidx.profileinstaller:profileinstaller:1.3.0] AndroidManifest.xml:38:13-36
242            android:permission="android.permission.DUMP" >
242-->[androidx.profileinstaller:profileinstaller:1.3.0] AndroidManifest.xml:39:13-57
243            <intent-filter>
243-->[androidx.profileinstaller:profileinstaller:1.3.0] AndroidManifest.xml:40:13-42:29
244                <action android:name="androidx.profileinstaller.action.INSTALL_PROFILE" />
244-->[androidx.profileinstaller:profileinstaller:1.3.0] AndroidManifest.xml:41:17-91
244-->[androidx.profileinstaller:profileinstaller:1.3.0] AndroidManifest.xml:41:25-88
245            </intent-filter>
246            <intent-filter>
246-->[androidx.profileinstaller:profileinstaller:1.3.0] AndroidManifest.xml:43:13-45:29
247                <action android:name="androidx.profileinstaller.action.SKIP_FILE" />
247-->[androidx.profileinstaller:profileinstaller:1.3.0] AndroidManifest.xml:44:17-85
247-->[androidx.profileinstaller:profileinstaller:1.3.0] AndroidManifest.xml:44:25-82
248            </intent-filter>
249            <intent-filter>
249-->[androidx.profileinstaller:profileinstaller:1.3.0] AndroidManifest.xml:46:13-48:29
250                <action android:name="androidx.profileinstaller.action.SAVE_PROFILE" />
250-->[androidx.profileinstaller:profileinstaller:1.3.0] AndroidManifest.xml:47:17-88
250-->[androidx.profileinstaller:profileinstaller:1.3.0] AndroidManifest.xml:47:25-85
251            </intent-filter>
252            <intent-filter>
252-->[androidx.profileinstaller:profileinstaller:1.3.0] AndroidManifest.xml:49:13-51:29
253                <action android:name="androidx.profileinstaller.action.BENCHMARK_OPERATION" />
253-->[androidx.profileinstaller:profileinstaller:1.3.0] AndroidManifest.xml:50:17-95
253-->[androidx.profileinstaller:profileinstaller:1.3.0] AndroidManifest.xml:50:25-92
254            </intent-filter>
255        </receiver>
256    </application>
257
258</manifest>